[debug] [2024-03-07T15:39:12.884Z] ----------------------------------------------------------------------
[debug] [2024-03-07T15:39:12.886Z] Command:       C:\Program Files\nodejs\node.exe C:\Users\alima\AppData\Roaming\npm\node_modules\firebase-tools\lib\bin\firebase.js init
[debug] [2024-03-07T15:39:12.887Z] CLI Version:   13.4.0
[debug] [2024-03-07T15:39:12.887Z] Platform:      win32
[debug] [2024-03-07T15:39:12.887Z] Node Version:  v18.18.0
[debug] [2024-03-07T15:39:12.892Z] Time:          Thu Mar 07 2024 16:39:12 GMT+0100 (Ora standard dell’Europa centrale)
[debug] [2024-03-07T15:39:12.892Z] ----------------------------------------------------------------------
[debug] 
[debug] [2024-03-07T15:39:12.896Z] >>> [apiv2][query] GET https://firebase-public.firebaseio.com/cli.json [none]
[debug] [2024-03-07T15:39:12.953Z] > command requires scopes: ["email","openid","https://www.googleapis.com/auth/cloudplatformprojects.readonly","https://www.googleapis.com/auth/firebase","https://www.googleapis.com/auth/cloud-platform"]
[debug] [2024-03-07T15:39:12.953Z] > authorizing via signed-in user (soleariaeve@gmail.com)
[info] 
     ######## #### ########  ######## ########     ###     ######  ########
     ##        ##  ##     ## ##       ##     ##  ##   ##  ##       ##
     ######    ##  ########  ######   ########  #########  ######  ######
     ##        ##  ##    ##  ##       ##     ## ##     ##       ## ##
     ##       #### ##     ## ######## ########  ##     ##  ######  ########

You're about to initialize a Firebase project in this directory:

  C:\Users\alima\Desktop\Start2Impact\FullStackWebDev\ANGULAR\Tutorial\tour-of-heores

[debug] [2024-03-07T15:39:13.426Z] <<< [apiv2][status] GET https://firebase-public.firebaseio.com/cli.json 200
[debug] [2024-03-07T15:39:13.427Z] <<< [apiv2][body] GET https://firebase-public.firebaseio.com/cli.json {"cloudBuildErrorAfter":1594252800000,"cloudBuildWarnAfter":1590019200000,"defaultNode10After":1594252800000,"minVersion":"3.0.5","node8DeploysDisabledAfter":1613390400000,"node8RuntimeDisabledAfter":1615809600000,"node8WarnAfter":1600128000000}
